[02:30:15] [ServerMain/INFO]: Building unoptimized datafixer
[02:30:16] [ServerMain/WARN]: You specified a resource pack without providing a sha1 hash. Pack will be updated on the client only if you change the name of the pack.
[02:30:16] [ServerMain/INFO]: Environment: authHost='https://authserver.mojang.com', accountsHost='https://api.mojang.com', sessionHost='https://sessionserver.mojang.com', servicesHost='https://api.minecraftservices.com', name='PROD'
[02:30:18] [ServerMain/INFO]: Loaded 7 recipes
[02:30:18] [ServerMain/INFO]: Loaded 1179 advancements
[02:30:19] [ServerMain/WARN]: Failed to parse level-type default, defaulting to minecraft:normal
[02:30:19] [Server thread/INFO]: Starting minecraft server version 1.19.2
[02:30:19] [Server thread/INFO]: Loading properties
[02:30:19] [Server thread/INFO]: Default game type: SPECTATOR
[02:30:19] [Server thread/INFO]: Generating keypair
[02:30:19] [Server thread/INFO]: Starting Minecraft server on *:25565
[02:30:19] [Server thread/INFO]: Using default channel type
[02:30:19] [Server thread/WARN]: **** SERVER IS RUNNING IN OFFLINE/INSECURE MODE!
[02:30:19] [Server thread/WARN]: The server will make no attempt to authenticate usernames. Beware.
[02:30:19] [Server thread/WARN]: While this makes the game possible to play without internet access, it also opens up the ability for hackers to connect with any username they choose.
[02:30:19] [Server thread/WARN]: To change this, set "online-mode" to "true" in the server.properties file.
[02:30:19] [Server thread/INFO]: Preparing level "world"
[02:30:19] [Server thread/INFO]: Preparing start region for dimension minecraft:overworld
[02:30:23] [Worker-Main-4/INFO]: Preparing spawn area: 0%
[02:30:23] [Worker-Main-1/INFO]: Preparing spawn area: 0%
[02:30:23] [Worker-Main-1/INFO]: Preparing spawn area: 0%
[02:30:23] [Worker-Main-1/INFO]: Preparing spawn area: 0%
[02:30:23] [Worker-Main-1/INFO]: Preparing spawn area: 0%
[02:30:23] [Worker-Main-1/INFO]: Preparing spawn area: 0%
[02:30:23] [Worker-Main-1/INFO]: Preparing spawn area: 0%
[02:30:23] [Worker-Main-4/INFO]: Preparing spawn area: 0%
[02:30:23] [Worker-Main-3/INFO]: Preparing spawn area: 21%
[02:30:24] [Worker-Main-4/INFO]: Preparing spawn area: 83%
[02:30:24] [Server thread/INFO]: Time elapsed: 4613 ms
[02:30:24] [Server thread/INFO]: Done (4.813s)! For help, type "help"
[02:30:48] [Server thread/INFO]: Yorymot[/195.46.191.87:52691] logged in with entity id 131 at (209.27718868996868, 76.0, -281.0393165759041)
[02:30:49] [Server thread/INFO]: Yorymot joined the game
[02:30:56] [Server thread/INFO]: Yorymot lost connection: Disconnected
[02:30:56] [Server thread/INFO]: Yorymot left the game
